<?xml version="1.0" encoding="UTF-8"?>
<testsuite xmlns:xsi="http://www.w3.org/2001/XMLSchema-instance" xsi:noNamespaceSchemaLocation="https://maven.apache.org/surefire/maven-surefire-plugin/xsd/surefire-test-report.xsd" version="3.0.2" name="com.example.PracticeTwo.PracticeTwoApplicationTests" time="1.868" tests="1" errors="0" skipped="0" failures="0">
  <properties>
[...]
</properties>
  <testcase name="contextLoads" classname="com.example.PracticeTwo.PracticeTwoApplicationTests" time="0.518">
    <system-out><![CDATA[11:49:00.283 [main] INFO org.springframework.test.context.support.AnnotationConfigContextLoaderUtils -- Could not detect default configuration classes for test class [com.example.PracticeTwo.PracticeTwoApplicationTests]: PracticeTwoApplicationTests does not declare any static, non-private, non-final, nested classes annotated with @Configuration.
11:49:00.377 [main] INFO org.springframework.boot.test.context.SpringBootTestContextBootstrapper -- Found @SpringBootConfiguration com.example.PracticeTwo.PracticeTwoApplication for test class com.example.PracticeTwo.PracticeTwoApplicationTests
11:49:00.511 [main] INFO org.springframework.boot.devtools.restart.RestartApplicationListener -- Restart disabled due to context in which it is running

  .   ____          _            __ _ _
 /\\ / ___'_ __ _ _(_)_ __  __ _ \ \ \ \
( ( )\___ | '_ | '_| | '_ \/ _` | \ \ \ \
 \\/  ___)| |_)| | | | | || (_| |  ) ) ) )
  '  |____| .__|_| |_|_| |_\__, | / / / /
 =========|_|==============|___/=/_/_/_/

 :: Spring Boot ::             (v4.0.0-M1)

2025-08-25T11:49:00.731+05:30  INFO 2484 --- [PracticeTwo] [           main] c.e.P.PracticeTwoApplicationTests        : Starting PracticeTwoApplicationTests using Java 17.0.12 with PID 2484 (started by msabi in D:\Eclipse Demo\PracticeTwo)
2025-08-25T11:49:00.733+05:30  INFO 2484 --- [PracticeTwo] [           main] c.e.P.PracticeTwoApplicationTests        : No active profile set, falling back to 1 default profile: "default"
2025-08-25T11:49:01.473+05:30  INFO 2484 --- [PracticeTwo] [           main] c.e.P.PracticeTwoApplicationTests        : Started PracticeTwoApplicationTests in 0.974 seconds (process running for 1.813)
]]></system-out>
  </testcase>
</testsuite>