<?xml version="1.0" encoding="UTF-8"?>
<testsuite xmlns:xsi="http://www.w3.org/2001/XMLSchema-instance" xsi:noNamespaceSchemaLocation="https://maven.apache.org/surefire/maven-surefire-plugin/xsd/surefire-test-report.xsd" version="3.0.2" name="com.example.PracticeTwo.PracticeTwoApplicationTests" time="2.856" tests="1" errors="0" skipped="0" failures="0">
  <properties>
[...]
</properties>
  <testcase name="contextLoads" classname="com.example.PracticeTwo.PracticeTwoApplicationTests" time="0.725">
    <system-out><![CDATA[11:07:51.925 [main] INFO org.springframework.test.context.support.AnnotationConfigContextLoaderUtils -- Could not detect default configuration classes for test class [com.example.PracticeTwo.PracticeTwoApplicationTests]: PracticeTwoApplicationTests does not declare any static, non-private, non-final, nested classes annotated with @Configuration.
11:07:52.073 [main] INFO org.springframework.boot.test.context.SpringBootTestContextBootstrapper -- Found @SpringBootConfiguration com.example.PracticeTwo.PracticeTwoApplication for test class com.example.PracticeTwo.PracticeTwoApplicationTests
11:07:52.262 [main] INFO org.springframework.boot.devtools.restart.RestartApplicationListener -- Restart disabled due to context in which it is running

  .   ____          _            __ _ _
 /\\ / ___'_ __ _ _(_)_ __  __ _ \ \ \ \
( ( )\___ | '_ | '_| | '_ \/ _` | \ \ \ \
 \\/  ___)| |_)| | | | | || (_| |  ) ) ) )
  '  |____| .__|_| |_|_| |_\__, | / / / /
 =========|_|==============|___/=/_/_/_/

 :: Spring Boot ::             (v4.0.0-M1)

2025-08-26T11:07:52.627+05:30  INFO 12632 --- [PracticeTwo] [           main] c.e.P.PracticeTwoApplicationTests        : Starting PracticeTwoApplicationTests using Java 17.0.12 with PID 12632 (started by msabi in D:\Eclipse Demo\PracticeTwo)
2025-08-26T11:07:52.628+05:30  INFO 12632 --- [PracticeTwo] [           main] c.e.P.PracticeTwoApplicationTests        : No active profile set, falling back to 1 default profile: "default"
2025-08-26T11:07:52.673+05:30 DEBUG 12632 --- [PracticeTwo] [           main] o.s.w.c.s.GenericWebApplicationContext   : Refreshing org.springframework.web.context.support.GenericWebApplicationContext@2873d672
2025-08-26T11:07:53.580+05:30 DEBUG 12632 --- [PracticeTwo] [           main] s.w.s.m.m.a.RequestMappingHandlerMapping : 5 mappings in 'requestMappingHandlerMapping'
2025-08-26T11:07:53.653+05:30 DEBUG 12632 --- [PracticeTwo] [           main] o.s.w.s.handler.SimpleUrlHandlerMapping  : Patterns [/webjars/**, /**] in 'resourceHandlerMapping'
2025-08-26T11:07:53.674+05:30 DEBUG 12632 --- [PracticeTwo] [           main] s.w.s.m.m.a.RequestMappingHandlerAdapter : ControllerAdvice beans: 0 @ModelAttribute, 0 @InitBinder, 1 RequestBodyAdvice, 1 ResponseBodyAdvice
2025-08-26T11:07:53.721+05:30 DEBUG 12632 --- [PracticeTwo] [           main] .m.m.a.ExceptionHandlerExceptionResolver : ControllerAdvice beans: 0 @ExceptionHandler, 1 ResponseBodyAdvice
2025-08-26T11:07:53.821+05:30  INFO 12632 --- [PracticeTwo] [           main] c.e.P.PracticeTwoApplicationTests        : Started PracticeTwoApplicationTests in 1.573 seconds (process running for 2.744)
]]></system-out>
  </testcase>
</testsuite>